android-yolo-master/app/build/outputs/logs/manifest-merger-debug-report.txt
-- Merging decision tree log ---
manifest
ADDED from src/main/AndroidManifest.xml:18:1-45:12
	package
		ADDED from src/main/AndroidManifest.xml:19:5-34
		INJECTED from src/main/AndroidManifest.xml
		INJECTED from src/main/AndroidManifest.xml
	android:versionName
		INJECTED from src/main/AndroidManifest.xml
		INJECTED from src/main/AndroidManifest.xml
	xmlns:android
		ADDED from src/main/AndroidManifest.xml:18:11-69
	android:versionCode
		INJECTED from src/main/AndroidManifest.xml
		INJECTED from src/main/AndroidManifest.xml
uses-permission#android.permission.CAMERA
ADDED from src/main/AndroidManifest.xml:21:5-65
	android:name
		ADDED from src/main/AndroidManifest.xml:21:22-62
uses-feature#android.hardware.camera
ADDED from src/main/AndroidManifest.xml:22:5-60
	android:name
		ADDED from src/main/AndroidManifest.xml:22:19-57
uses-feature#android.hardware.camera.autofocus
ADDED from src/main/AndroidManifest.xml:23:5-70
	android:name
		ADDED from src/main/AndroidManifest.xml:23:19-67
uses-permission#android.permission.WRITE_EXTERNAL_STORAGE
ADDED from src/main/AndroidManifest.xml:24:5-80
	android:name
		ADDED from src/main/AndroidManifest.xml:24:22-78
uses-sdk
ADDED from src/main/AndroidManifest.xml:26:5-28:41
MERGED from [com.android.support:appcompat-v7:23.1.1] AndroidManifest.xml:20:5-43
MERGED from [com.android.support:support-v4:23.1.1] AndroidManifest.xml:20:5-43
	android:targetSdkVersion
		ADDED from src/main/AndroidManifest.xml:28:9-38
		INJECTED from src/main/AndroidManifest.xml
		INJECTED from src/main/AndroidManifest.xml
	android:minSdkVersion
		ADDED from src/main/AndroidManifest.xml:27:9-35
		INJECTED from src/main/AndroidManifest.xml
		INJECTED from src/main/AndroidManifest.xml
application
ADDED from src/main/AndroidManifest.xml:30:5-43:19
MERGED from [com.android.support:appcompat-v7:23.1.1] AndroidManifest.xml:22:5-20
MERGED from [com.android.support:support-v4:23.1.1] AndroidManifest.xml:22:5-20
	android:label
		ADDED from src/main/AndroidManifest.xml:31:9-41
	android:allowBackup
		ADDED from src/main/AndroidManifest.xml:30:18-44
	android:icon
		ADDED from src/main/AndroidManifest.xml:32:9-45
	android:theme
		ADDED from src/main/AndroidManifest.xml:33:9-45
activity#org.tensorflow.demo.CameraActivity
ADDED from src/main/AndroidManifest.xml:35:9-42:20
	android:screenOrientation
		ADDED from src/main/AndroidManifest.xml:36:19-55
	android:label
		ADDED from src/main/AndroidManifest.xml:37:19-51
	android:name
		ADDED from src/main/AndroidManifest.xml:35:19-68
intent-filter#android.intent.action.MAIN+android.intent.category.LAUNCHER
ADDED from src/main/AndroidManifest.xml:38:13-41:29
action#android.intent.action.MAIN
ADDED from src/main/AndroidManifest.xml:39:17-69
	android:name
		ADDED from src/main/AndroidManifest.xml:39:25-66
category#android.intent.category.LAUNCHER
ADDED from src/main/AndroidManifest.xml:40:17-77
	android:name
		ADDED from src/main/AndroidManifest.xml:40:27-74